<?xml version="1.0" encoding="UTF-8"?>
<!-- Generated by org.testng.reporters.JUnitReportReporter -->
<testsuite hostname="MAVBCP3585" failures="0" tests="2" name="com.scuba.testcases.TimeSheet_testcase" time="27.460" errors="0" timestamp="2021-12-20T23:23:47 IST" skipped="0">
  <testcase classname="com.scuba.testcases.TimeSheet_testcase" name="timeSheet_Submit" time="25.402"/>
  <system-out/>
  <testcase classname="com.scuba.testcases.TimeSheet_testcase" name="Test_soft_assert" time="2.058"/>
  <system-out/>
</testsuite> <!-- com.scuba.testcases.TimeSheet_testcase -->
