<?xml version="1.0" encoding="UTF-8"?>
<!-- Generated by org.testng.reporters.JUnitReportReporter -->
<testsuite hostname="MAVBCP3585" failures="0" tests="1" name="com.scuba.testcases.Assign_LeaveTestCase" time="23.523" errors="0" timestamp="2021-12-20T22:54:41 IST" skipped="0">
  <testcase classname="com.scuba.testcases.Assign_LeaveTestCase" name="assign_leave" time="23.523"/>
  <system-out/>
</testsuite> <!-- com.scuba.testcases.Assign_LeaveTestCase -->
